                                 Started job on |	Nov 11 12:40:00
                             Started mapping on |	Nov 11 12:40:28
                                    Finished on |	Nov 11 12:43:54
       Mapping speed, Million of reads per hour |	341.92

                          Number of input reads |	19565489
                      Average input read length |	196
                                    UNIQUE READS:
                   Uniquely mapped reads number |	17027656
                        Uniquely mapped reads % |	87.03%
                          Average mapped length |	196.69
                       Number of splices: Total |	6127247
            Number of splices: Annotated (sjdb) |	6064085
                       Number of splices: GT/AG |	6065854
                       Number of splices: GC/AG |	45712
                       Number of splices: AT/AC |	5909
               Number of splices: Non-canonical |	9772
                      Mismatch rate per base, % |	0.26%
                         Deletion rate per base |	0.03%
                        Deletion average length |	1.11
                        Insertion rate per base |	0.00%
                       Insertion average length |	1.41
                             MULTI-MAPPING READS:
        Number of reads mapped to multiple loci |	1500195
             % of reads mapped to multiple loci |	7.67%
        Number of reads mapped to too many loci |	25227
             % of reads mapped to too many loci |	0.13%
                                  UNMAPPED READS:
  Number of reads unmapped: too many mismatches |	0
       % of reads unmapped: too many mismatches |	0.00%
            Number of reads unmapped: too short |	1001702
                 % of reads unmapped: too short |	5.12%
                Number of reads unmapped: other |	10709
                     % of reads unmapped: other |	0.05%
                                  CHIMERIC READS:
                       Number of chimeric reads |	0
                            % of chimeric reads |	0.00%
