                                 Started job on |	Nov 11 12:59:52
                             Started mapping on |	Nov 11 13:00:16
                                    Finished on |	Nov 11 13:02:16
       Mapping speed, Million of reads per hour |	317.84

                          Number of input reads |	10594578
                      Average input read length |	196
                                    UNIQUE READS:
                   Uniquely mapped reads number |	9184893
                        Uniquely mapped reads % |	86.69%
                          Average mapped length |	196.41
                       Number of splices: Total |	3098881
            Number of splices: Annotated (sjdb) |	3063971
                       Number of splices: GT/AG |	3065009
                       Number of splices: GC/AG |	22971
                       Number of splices: AT/AC |	3184
               Number of splices: Non-canonical |	7717
                      Mismatch rate per base, % |	0.26%
                         Deletion rate per base |	0.03%
                        Deletion average length |	1.14
                        Insertion rate per base |	0.00%
                       Insertion average length |	1.60
                             MULTI-MAPPING READS:
        Number of reads mapped to multiple loci |	754536
             % of reads mapped to multiple loci |	7.12%
        Number of reads mapped to too many loci |	16906
             % of reads mapped to too many loci |	0.16%
                                  UNMAPPED READS:
  Number of reads unmapped: too many mismatches |	0
       % of reads unmapped: too many mismatches |	0.00%
            Number of reads unmapped: too short |	625188
                 % of reads unmapped: too short |	5.90%
                Number of reads unmapped: other |	13055
                     % of reads unmapped: other |	0.12%
                                  CHIMERIC READS:
                       Number of chimeric reads |	0
                            % of chimeric reads |	0.00%
