                                 Started job on |	Nov 11 12:44:01
                             Started mapping on |	Nov 11 12:44:22
                                    Finished on |	Nov 11 12:47:51
       Mapping speed, Million of reads per hour |	377.15

                          Number of input reads |	21895765
                      Average input read length |	196
                                    UNIQUE READS:
                   Uniquely mapped reads number |	18812518
                        Uniquely mapped reads % |	85.92%
                          Average mapped length |	196.25
                       Number of splices: Total |	7172989
            Number of splices: Annotated (sjdb) |	7107386
                       Number of splices: GT/AG |	7098752
                       Number of splices: GC/AG |	55494
                       Number of splices: AT/AC |	7423
               Number of splices: Non-canonical |	11320
                      Mismatch rate per base, % |	0.29%
                         Deletion rate per base |	0.02%
                        Deletion average length |	1.16
                        Insertion rate per base |	0.00%
                       Insertion average length |	1.40
                             MULTI-MAPPING READS:
        Number of reads mapped to multiple loci |	2172379
             % of reads mapped to multiple loci |	9.92%
        Number of reads mapped to too many loci |	32758
             % of reads mapped to too many loci |	0.15%
                                  UNMAPPED READS:
  Number of reads unmapped: too many mismatches |	0
       % of reads unmapped: too many mismatches |	0.00%
            Number of reads unmapped: too short |	865789
                 % of reads unmapped: too short |	3.95%
                Number of reads unmapped: other |	12321
                     % of reads unmapped: other |	0.06%
                                  CHIMERIC READS:
                       Number of chimeric reads |	0
                            % of chimeric reads |	0.00%
