                                 Started job on |	Nov 09 12:58:20
                             Started mapping on |	Nov 09 12:59:08
                                    Finished on |	Nov 09 13:00:57
       Mapping speed, Million of reads per hour |	386.17

                          Number of input reads |	11692342
                      Average input read length |	195
                                    UNIQUE READS:
                   Uniquely mapped reads number |	10042540
                        Uniquely mapped reads % |	85.89%
                          Average mapped length |	195.28
                       Number of splices: Total |	4233017
            Number of splices: Annotated (sjdb) |	4195828
                       Number of splices: GT/AG |	4190401
                       Number of splices: GC/AG |	32468
                       Number of splices: AT/AC |	4295
               Number of splices: Non-canonical |	5853
                      Mismatch rate per base, % |	0.33%
                         Deletion rate per base |	0.02%
                        Deletion average length |	1.13
                        Insertion rate per base |	0.00%
                       Insertion average length |	1.42
                             MULTI-MAPPING READS:
        Number of reads mapped to multiple loci |	995601
             % of reads mapped to multiple loci |	8.51%
        Number of reads mapped to too many loci |	16312
             % of reads mapped to too many loci |	0.14%
                                  UNMAPPED READS:
  Number of reads unmapped: too many mismatches |	0
       % of reads unmapped: too many mismatches |	0.00%
            Number of reads unmapped: too short |	632948
                 % of reads unmapped: too short |	5.41%
                Number of reads unmapped: other |	4941
                     % of reads unmapped: other |	0.04%
                                  CHIMERIC READS:
                       Number of chimeric reads |	0
                            % of chimeric reads |	0.00%
