                                 Started job on |	Nov 11 12:57:28
                             Started mapping on |	Nov 11 12:57:58
                                    Finished on |	Nov 11 12:59:50
       Mapping speed, Million of reads per hour |	368.88

                          Number of input reads |	11476352
                      Average input read length |	197
                                    UNIQUE READS:
                   Uniquely mapped reads number |	9983432
                        Uniquely mapped reads % |	86.99%
                          Average mapped length |	196.98
                       Number of splices: Total |	4306227
            Number of splices: Annotated (sjdb) |	4268055
                       Number of splices: GT/AG |	4262853
                       Number of splices: GC/AG |	32838
                       Number of splices: AT/AC |	4333
               Number of splices: Non-canonical |	6203
                      Mismatch rate per base, % |	0.23%
                         Deletion rate per base |	0.02%
                        Deletion average length |	1.13
                        Insertion rate per base |	0.00%
                       Insertion average length |	1.44
                             MULTI-MAPPING READS:
        Number of reads mapped to multiple loci |	1002205
             % of reads mapped to multiple loci |	8.73%
        Number of reads mapped to too many loci |	13546
             % of reads mapped to too many loci |	0.12%
                                  UNMAPPED READS:
  Number of reads unmapped: too many mismatches |	0
       % of reads unmapped: too many mismatches |	0.00%
            Number of reads unmapped: too short |	472401
                 % of reads unmapped: too short |	4.12%
                Number of reads unmapped: other |	4768
                     % of reads unmapped: other |	0.04%
                                  CHIMERIC READS:
                       Number of chimeric reads |	0
                            % of chimeric reads |	0.00%
