                                 Started job on |	Nov 09 13:01:03
                             Started mapping on |	Nov 09 13:01:21
                                    Finished on |	Nov 09 13:03:11
       Mapping speed, Million of reads per hour |	381.38

                          Number of input reads |	11653347
                      Average input read length |	197
                                    UNIQUE READS:
                   Uniquely mapped reads number |	9790065
                        Uniquely mapped reads % |	84.01%
                          Average mapped length |	197.22
                       Number of splices: Total |	4084011
            Number of splices: Annotated (sjdb) |	4047805
                       Number of splices: GT/AG |	4042236
                       Number of splices: GC/AG |	31472
                       Number of splices: AT/AC |	4192
               Number of splices: Non-canonical |	6111
                      Mismatch rate per base, % |	0.22%
                         Deletion rate per base |	0.03%
                        Deletion average length |	1.12
                        Insertion rate per base |	0.00%
                       Insertion average length |	1.43
                             MULTI-MAPPING READS:
        Number of reads mapped to multiple loci |	1330498
             % of reads mapped to multiple loci |	11.42%
        Number of reads mapped to too many loci |	14586
             % of reads mapped to too many loci |	0.13%
                                  UNMAPPED READS:
  Number of reads unmapped: too many mismatches |	0
       % of reads unmapped: too many mismatches |	0.00%
            Number of reads unmapped: too short |	513358
                 % of reads unmapped: too short |	4.41%
                Number of reads unmapped: other |	4840
                     % of reads unmapped: other |	0.04%
                                  CHIMERIC READS:
                       Number of chimeric reads |	0
                            % of chimeric reads |	0.00%
