                                 Started job on |	Nov 09 11:52:08
                             Started mapping on |	Nov 09 11:52:56
                                    Finished on |	Nov 09 11:55:47
       Mapping speed, Million of reads per hour |	337.64

                          Number of input reads |	16038081
                      Average input read length |	196
                                    UNIQUE READS:
                   Uniquely mapped reads number |	13872572
                        Uniquely mapped reads % |	86.50%
                          Average mapped length |	196.11
                       Number of splices: Total |	4794860
            Number of splices: Annotated (sjdb) |	4744222
                       Number of splices: GT/AG |	4746179
                       Number of splices: GC/AG |	35747
                       Number of splices: AT/AC |	4849
               Number of splices: Non-canonical |	8085
                      Mismatch rate per base, % |	0.35%
                         Deletion rate per base |	0.03%
                        Deletion average length |	1.11
                        Insertion rate per base |	0.00%
                       Insertion average length |	1.44
                             MULTI-MAPPING READS:
        Number of reads mapped to multiple loci |	1476570
             % of reads mapped to multiple loci |	9.21%
        Number of reads mapped to too many loci |	23011
             % of reads mapped to too many loci |	0.14%
                                  UNMAPPED READS:
  Number of reads unmapped: too many mismatches |	0
       % of reads unmapped: too many mismatches |	0.00%
            Number of reads unmapped: too short |	656670
                 % of reads unmapped: too short |	4.09%
                Number of reads unmapped: other |	9258
                     % of reads unmapped: other |	0.06%
                                  CHIMERIC READS:
                       Number of chimeric reads |	0
                            % of chimeric reads |	0.00%
