                                 Started job on |	Nov 09 13:03:19
                             Started mapping on |	Nov 09 13:03:37
                                    Finished on |	Nov 09 13:05:17
       Mapping speed, Million of reads per hour |	364.02

                          Number of input reads |	10111692
                      Average input read length |	194
                                    UNIQUE READS:
                   Uniquely mapped reads number |	8579937
                        Uniquely mapped reads % |	84.85%
                          Average mapped length |	194.87
                       Number of splices: Total |	3204314
            Number of splices: Annotated (sjdb) |	3171867
                       Number of splices: GT/AG |	3172311
                       Number of splices: GC/AG |	24015
                       Number of splices: AT/AC |	3298
               Number of splices: Non-canonical |	4690
                      Mismatch rate per base, % |	0.34%
                         Deletion rate per base |	0.03%
                        Deletion average length |	1.12
                        Insertion rate per base |	0.00%
                       Insertion average length |	1.41
                             MULTI-MAPPING READS:
        Number of reads mapped to multiple loci |	794849
             % of reads mapped to multiple loci |	7.86%
        Number of reads mapped to too many loci |	16363
             % of reads mapped to too many loci |	0.16%
                                  UNMAPPED READS:
  Number of reads unmapped: too many mismatches |	0
       % of reads unmapped: too many mismatches |	0.00%
            Number of reads unmapped: too short |	715080
                 % of reads unmapped: too short |	7.07%
                Number of reads unmapped: other |	5463
                     % of reads unmapped: other |	0.05%
                                  CHIMERIC READS:
                       Number of chimeric reads |	0
                            % of chimeric reads |	0.00%
