                                 Started job on |	Nov 09 11:15:15
                             Started mapping on |	Nov 09 11:16:13
                                    Finished on |	Nov 09 11:23:28
       Mapping speed, Million of reads per hour |	169.39

                          Number of input reads |	20468296
                      Average input read length |	194
                                    UNIQUE READS:
                   Uniquely mapped reads number |	17562542
                        Uniquely mapped reads % |	85.80%
                          Average mapped length |	195.04
                       Number of splices: Total |	6193531
            Number of splices: Annotated (sjdb) |	6130316
                       Number of splices: GT/AG |	6131006
                       Number of splices: GC/AG |	46482
                       Number of splices: AT/AC |	6213
               Number of splices: Non-canonical |	9830
                      Mismatch rate per base, % |	0.35%
                         Deletion rate per base |	0.03%
                        Deletion average length |	1.11
                        Insertion rate per base |	0.00%
                       Insertion average length |	1.41
                             MULTI-MAPPING READS:
        Number of reads mapped to multiple loci |	1513231
             % of reads mapped to multiple loci |	7.39%
        Number of reads mapped to too many loci |	31220
             % of reads mapped to too many loci |	0.15%
                                  UNMAPPED READS:
  Number of reads unmapped: too many mismatches |	0
       % of reads unmapped: too many mismatches |	0.00%
            Number of reads unmapped: too short |	1350610
                 % of reads unmapped: too short |	6.60%
                Number of reads unmapped: other |	10693
                     % of reads unmapped: other |	0.05%
                                  CHIMERIC READS:
                       Number of chimeric reads |	0
                            % of chimeric reads |	0.00%
