                                 Started job on |	Nov 09 12:01:11
                             Started mapping on |	Nov 09 12:01:34
                                    Finished on |	Nov 09 12:04:18
       Mapping speed, Million of reads per hour |	313.98

                          Number of input reads |	14303710
                      Average input read length |	195
                                    UNIQUE READS:
                   Uniquely mapped reads number |	12287275
                        Uniquely mapped reads % |	85.90%
                          Average mapped length |	195.43
                       Number of splices: Total |	5411905
            Number of splices: Annotated (sjdb) |	5364745
                       Number of splices: GT/AG |	5357351
                       Number of splices: GC/AG |	41632
                       Number of splices: AT/AC |	5687
               Number of splices: Non-canonical |	7235
                      Mismatch rate per base, % |	0.30%
                         Deletion rate per base |	0.02%
                        Deletion average length |	1.13
                        Insertion rate per base |	0.00%
                       Insertion average length |	1.41
                             MULTI-MAPPING READS:
        Number of reads mapped to multiple loci |	1209351
             % of reads mapped to multiple loci |	8.45%
        Number of reads mapped to too many loci |	17926
             % of reads mapped to too many loci |	0.13%
                                  UNMAPPED READS:
  Number of reads unmapped: too many mismatches |	0
       % of reads unmapped: too many mismatches |	0.00%
            Number of reads unmapped: too short |	784189
                 % of reads unmapped: too short |	5.48%
                Number of reads unmapped: other |	4969
                     % of reads unmapped: other |	0.03%
                                  CHIMERIC READS:
                       Number of chimeric reads |	0
                            % of chimeric reads |	0.00%
