                                 Started job on |	Nov 11 12:54:54
                             Started mapping on |	Nov 11 12:55:16
                                    Finished on |	Nov 11 12:57:24
       Mapping speed, Million of reads per hour |	322.62

                          Number of input reads |	11471052
                      Average input read length |	195
                                    UNIQUE READS:
                   Uniquely mapped reads number |	9800195
                        Uniquely mapped reads % |	85.43%
                          Average mapped length |	195.24
                       Number of splices: Total |	4203476
            Number of splices: Annotated (sjdb) |	4166023
                       Number of splices: GT/AG |	4160291
                       Number of splices: GC/AG |	32953
                       Number of splices: AT/AC |	4275
               Number of splices: Non-canonical |	5957
                      Mismatch rate per base, % |	0.28%
                         Deletion rate per base |	0.02%
                        Deletion average length |	1.15
                        Insertion rate per base |	0.00%
                       Insertion average length |	1.41
                             MULTI-MAPPING READS:
        Number of reads mapped to multiple loci |	1067782
             % of reads mapped to multiple loci |	9.31%
        Number of reads mapped to too many loci |	17610
             % of reads mapped to too many loci |	0.15%
                                  UNMAPPED READS:
  Number of reads unmapped: too many mismatches |	0
       % of reads unmapped: too many mismatches |	0.00%
            Number of reads unmapped: too short |	580009
                 % of reads unmapped: too short |	5.06%
                Number of reads unmapped: other |	5456
                     % of reads unmapped: other |	0.05%
                                  CHIMERIC READS:
                       Number of chimeric reads |	0
                            % of chimeric reads |	0.00%
