                                 Started job on |	Nov 09 13:01:03
                             Started mapping on |	Nov 09 13:01:21
                                    Finished on |	Nov 09 13:03:22
       Mapping speed, Million of reads per hour |	319.36

                          Number of input reads |	10734104
                      Average input read length |	194
                                    UNIQUE READS:
                   Uniquely mapped reads number |	9179955
                        Uniquely mapped reads % |	85.52%
                          Average mapped length |	194.86
                       Number of splices: Total |	3081759
            Number of splices: Annotated (sjdb) |	3048919
                       Number of splices: GT/AG |	3048529
                       Number of splices: GC/AG |	23153
                       Number of splices: AT/AC |	3293
               Number of splices: Non-canonical |	6784
                      Mismatch rate per base, % |	0.36%
                         Deletion rate per base |	0.02%
                        Deletion average length |	1.14
                        Insertion rate per base |	0.00%
                       Insertion average length |	1.58
                             MULTI-MAPPING READS:
        Number of reads mapped to multiple loci |	739432
             % of reads mapped to multiple loci |	6.89%
        Number of reads mapped to too many loci |	18947
             % of reads mapped to too many loci |	0.18%
                                  UNMAPPED READS:
  Number of reads unmapped: too many mismatches |	0
       % of reads unmapped: too many mismatches |	0.00%
            Number of reads unmapped: too short |	783442
                 % of reads unmapped: too short |	7.30%
                Number of reads unmapped: other |	12328
                     % of reads unmapped: other |	0.11%
                                  CHIMERIC READS:
                       Number of chimeric reads |	0
                            % of chimeric reads |	0.00%
