                                 Started job on |	Nov 11 13:02:09
                             Started mapping on |	Nov 11 13:02:35
                                    Finished on |	Nov 11 13:03:30
       Mapping speed, Million of reads per hour |	363.65

                          Number of input reads |	5555765
                      Average input read length |	194
                                    UNIQUE READS:
                   Uniquely mapped reads number |	4617610
                        Uniquely mapped reads % |	83.11%
                          Average mapped length |	194.06
                       Number of splices: Total |	1884018
            Number of splices: Annotated (sjdb) |	1866729
                       Number of splices: GT/AG |	1864661
                       Number of splices: GC/AG |	14463
                       Number of splices: AT/AC |	1869
               Number of splices: Non-canonical |	3025
                      Mismatch rate per base, % |	0.36%
                         Deletion rate per base |	0.03%
                        Deletion average length |	1.13
                        Insertion rate per base |	0.00%
                       Insertion average length |	1.47
                             MULTI-MAPPING READS:
        Number of reads mapped to multiple loci |	505771
             % of reads mapped to multiple loci |	9.10%
        Number of reads mapped to too many loci |	8676
             % of reads mapped to too many loci |	0.16%
                                  UNMAPPED READS:
  Number of reads unmapped: too many mismatches |	0
       % of reads unmapped: too many mismatches |	0.00%
            Number of reads unmapped: too short |	421085
                 % of reads unmapped: too short |	7.58%
                Number of reads unmapped: other |	2623
                     % of reads unmapped: other |	0.05%
                                  CHIMERIC READS:
                       Number of chimeric reads |	0
                            % of chimeric reads |	0.00%
