                                 Started job on |	Nov 11 13:00:25
                             Started mapping on |	Nov 11 13:00:38
                                    Finished on |	Nov 11 13:02:08
       Mapping speed, Million of reads per hour |	364.88

                          Number of input reads |	9121876
                      Average input read length |	193
                                    UNIQUE READS:
                   Uniquely mapped reads number |	7614604
                        Uniquely mapped reads % |	83.48%
                          Average mapped length |	194.38
                       Number of splices: Total |	3270805
            Number of splices: Annotated (sjdb) |	3241878
                       Number of splices: GT/AG |	3237696
                       Number of splices: GC/AG |	24888
                       Number of splices: AT/AC |	3303
               Number of splices: Non-canonical |	4918
                      Mismatch rate per base, % |	0.31%
                         Deletion rate per base |	0.02%
                        Deletion average length |	1.16
                        Insertion rate per base |	0.00%
                       Insertion average length |	1.41
                             MULTI-MAPPING READS:
        Number of reads mapped to multiple loci |	693535
             % of reads mapped to multiple loci |	7.60%
        Number of reads mapped to too many loci |	13550
             % of reads mapped to too many loci |	0.15%
                                  UNMAPPED READS:
  Number of reads unmapped: too many mismatches |	0
       % of reads unmapped: too many mismatches |	0.00%
            Number of reads unmapped: too short |	796090
                 % of reads unmapped: too short |	8.73%
                Number of reads unmapped: other |	4097
                     % of reads unmapped: other |	0.04%
                                  CHIMERIC READS:
                       Number of chimeric reads |	0
                            % of chimeric reads |	0.00%
