                                 Started job on |	Nov 11 13:02:11
                             Started mapping on |	Nov 11 13:02:35
                                    Finished on |	Nov 11 13:03:33
       Mapping speed, Million of reads per hour |	344.27

                          Number of input reads |	5546523
                      Average input read length |	196
                                    UNIQUE READS:
                   Uniquely mapped reads number |	5054668
                        Uniquely mapped reads % |	91.13%
                          Average mapped length |	196.45
                       Number of splices: Total |	1871623
            Number of splices: Annotated (sjdb) |	1854724
                       Number of splices: GT/AG |	1852877
                       Number of splices: GC/AG |	14170
                       Number of splices: AT/AC |	1913
               Number of splices: Non-canonical |	2663
                      Mismatch rate per base, % |	0.35%
                         Deletion rate per base |	0.02%
                        Deletion average length |	1.13
                        Insertion rate per base |	0.00%
                       Insertion average length |	1.49
                             MULTI-MAPPING READS:
        Number of reads mapped to multiple loci |	297539
             % of reads mapped to multiple loci |	5.36%
        Number of reads mapped to too many loci |	6970
             % of reads mapped to too many loci |	0.13%
                                  UNMAPPED READS:
  Number of reads unmapped: too many mismatches |	0
       % of reads unmapped: too many mismatches |	0.00%
            Number of reads unmapped: too short |	184200
                 % of reads unmapped: too short |	3.32%
                Number of reads unmapped: other |	3146
                     % of reads unmapped: other |	0.06%
                                  CHIMERIC READS:
                       Number of chimeric reads |	0
                            % of chimeric reads |	0.00%
