                                 Started job on |	Nov 11 12:44:18
                             Started mapping on |	Nov 11 12:44:31
                                    Finished on |	Nov 11 12:48:12
       Mapping speed, Million of reads per hour |	355.84

                          Number of input reads |	21844393
                      Average input read length |	198
                                    UNIQUE READS:
                   Uniquely mapped reads number |	20135397
                        Uniquely mapped reads % |	92.18%
                          Average mapped length |	197.86
                       Number of splices: Total |	7701823
            Number of splices: Annotated (sjdb) |	7631209
                       Number of splices: GT/AG |	7623915
                       Number of splices: GC/AG |	58603
                       Number of splices: AT/AC |	8047
               Number of splices: Non-canonical |	11258
                      Mismatch rate per base, % |	0.26%
                         Deletion rate per base |	0.02%
                        Deletion average length |	1.13
                        Insertion rate per base |	0.00%
                       Insertion average length |	1.51
                             MULTI-MAPPING READS:
        Number of reads mapped to multiple loci |	1155268
             % of reads mapped to multiple loci |	5.29%
        Number of reads mapped to too many loci |	26460
             % of reads mapped to too many loci |	0.12%
                                  UNMAPPED READS:
  Number of reads unmapped: too many mismatches |	0
       % of reads unmapped: too many mismatches |	0.00%
            Number of reads unmapped: too short |	514003
                 % of reads unmapped: too short |	2.35%
                Number of reads unmapped: other |	13265
                     % of reads unmapped: other |	0.06%
                                  CHIMERIC READS:
                       Number of chimeric reads |	0
                            % of chimeric reads |	0.00%
