                                 Started job on |	Nov 11 13:00:29
                             Started mapping on |	Nov 11 13:00:49
                                    Finished on |	Nov 11 13:02:04
       Mapping speed, Million of reads per hour |	285.48

                          Number of input reads |	5947558
                      Average input read length |	194
                                    UNIQUE READS:
                   Uniquely mapped reads number |	5092894
                        Uniquely mapped reads % |	85.63%
                          Average mapped length |	194.64
                       Number of splices: Total |	1562506
            Number of splices: Annotated (sjdb) |	1544751
                       Number of splices: GT/AG |	1545325
                       Number of splices: GC/AG |	11738
                       Number of splices: AT/AC |	1589
               Number of splices: Non-canonical |	3854
                      Mismatch rate per base, % |	0.37%
                         Deletion rate per base |	0.03%
                        Deletion average length |	1.13
                        Insertion rate per base |	0.00%
                       Insertion average length |	1.59
                             MULTI-MAPPING READS:
        Number of reads mapped to multiple loci |	396569
             % of reads mapped to multiple loci |	6.67%
        Number of reads mapped to too many loci |	9969
             % of reads mapped to too many loci |	0.17%
                                  UNMAPPED READS:
  Number of reads unmapped: too many mismatches |	0
       % of reads unmapped: too many mismatches |	0.00%
            Number of reads unmapped: too short |	440823
                 % of reads unmapped: too short |	7.41%
                Number of reads unmapped: other |	7303
                     % of reads unmapped: other |	0.12%
                                  CHIMERIC READS:
                       Number of chimeric reads |	0
                            % of chimeric reads |	0.00%
