                                 Started job on |	Nov 09 12:58:20
                             Started mapping on |	Nov 09 12:59:08
                                    Finished on |	Nov 09 13:01:12
       Mapping speed, Million of reads per hour |	392.93

                          Number of input reads |	13534237
                      Average input read length |	197
                                    UNIQUE READS:
                   Uniquely mapped reads number |	11937268
                        Uniquely mapped reads % |	88.20%
                          Average mapped length |	197.50
                       Number of splices: Total |	4186165
            Number of splices: Annotated (sjdb) |	4142673
                       Number of splices: GT/AG |	4143709
                       Number of splices: GC/AG |	30976
                       Number of splices: AT/AC |	4220
               Number of splices: Non-canonical |	7260
                      Mismatch rate per base, % |	0.26%
                         Deletion rate per base |	0.03%
                        Deletion average length |	1.10
                        Insertion rate per base |	0.00%
                       Insertion average length |	1.43
                             MULTI-MAPPING READS:
        Number of reads mapped to multiple loci |	1083174
             % of reads mapped to multiple loci |	8.00%
        Number of reads mapped to too many loci |	17470
             % of reads mapped to too many loci |	0.13%
                                  UNMAPPED READS:
  Number of reads unmapped: too many mismatches |	0
       % of reads unmapped: too many mismatches |	0.00%
            Number of reads unmapped: too short |	487701
                 % of reads unmapped: too short |	3.60%
                Number of reads unmapped: other |	8624
                     % of reads unmapped: other |	0.06%
                                  CHIMERIC READS:
                       Number of chimeric reads |	0
                            % of chimeric reads |	0.00%
