                                 Started job on |	Nov 11 12:51:10
                             Started mapping on |	Nov 11 12:51:27
                                    Finished on |	Nov 11 12:53:28
       Mapping speed, Million of reads per hour |	419.09

                          Number of input reads |	14085988
                      Average input read length |	197
                                    UNIQUE READS:
                   Uniquely mapped reads number |	12224162
                        Uniquely mapped reads % |	86.78%
                          Average mapped length |	197.06
                       Number of splices: Total |	5501029
            Number of splices: Annotated (sjdb) |	5453033
                       Number of splices: GT/AG |	5446160
                       Number of splices: GC/AG |	41867
                       Number of splices: AT/AC |	5528
               Number of splices: Non-canonical |	7474
                      Mismatch rate per base, % |	0.21%
                         Deletion rate per base |	0.02%
                        Deletion average length |	1.13
                        Insertion rate per base |	0.00%
                       Insertion average length |	1.43
                             MULTI-MAPPING READS:
        Number of reads mapped to multiple loci |	1231129
             % of reads mapped to multiple loci |	8.74%
        Number of reads mapped to too many loci |	15053
             % of reads mapped to too many loci |	0.11%
                                  UNMAPPED READS:
  Number of reads unmapped: too many mismatches |	0
       % of reads unmapped: too many mismatches |	0.00%
            Number of reads unmapped: too short |	610708
                 % of reads unmapped: too short |	4.34%
                Number of reads unmapped: other |	4936
                     % of reads unmapped: other |	0.04%
                                  CHIMERIC READS:
                       Number of chimeric reads |	0
                            % of chimeric reads |	0.00%
