                                 Started job on |	Nov 09 12:58:20
                             Started mapping on |	Nov 09 12:59:08
                                    Finished on |	Nov 09 13:01:08
       Mapping speed, Million of reads per hour |	355.02

                          Number of input reads |	11833855
                      Average input read length |	196
                                    UNIQUE READS:
                   Uniquely mapped reads number |	10205052
                        Uniquely mapped reads % |	86.24%
                          Average mapped length |	196.72
                       Number of splices: Total |	3674007
            Number of splices: Annotated (sjdb) |	3636109
                       Number of splices: GT/AG |	3637611
                       Number of splices: GC/AG |	27387
                       Number of splices: AT/AC |	3704
               Number of splices: Non-canonical |	5305
                      Mismatch rate per base, % |	0.32%
                         Deletion rate per base |	0.03%
                        Deletion average length |	1.11
                        Insertion rate per base |	0.00%
                       Insertion average length |	1.38
                             MULTI-MAPPING READS:
        Number of reads mapped to multiple loci |	1187853
             % of reads mapped to multiple loci |	10.04%
        Number of reads mapped to too many loci |	19913
             % of reads mapped to too many loci |	0.17%
                                  UNMAPPED READS:
  Number of reads unmapped: too many mismatches |	0
       % of reads unmapped: too many mismatches |	0.00%
            Number of reads unmapped: too short |	414167
                 % of reads unmapped: too short |	3.50%
                Number of reads unmapped: other |	6870
                     % of reads unmapped: other |	0.06%
                                  CHIMERIC READS:
                       Number of chimeric reads |	0
                            % of chimeric reads |	0.00%
