                                 Started job on |	Nov 09 11:52:08
                             Started mapping on |	Nov 09 11:52:56
                                    Finished on |	Nov 09 11:57:31
       Mapping speed, Million of reads per hour |	366.31

                          Number of input reads |	27982382
                      Average input read length |	196
                                    UNIQUE READS:
                   Uniquely mapped reads number |	23820679
                        Uniquely mapped reads % |	85.13%
                          Average mapped length |	196.72
                       Number of splices: Total |	10071523
            Number of splices: Annotated (sjdb) |	9978629
                       Number of splices: GT/AG |	9967613
                       Number of splices: GC/AG |	77368
                       Number of splices: AT/AC |	10472
               Number of splices: Non-canonical |	16070
                      Mismatch rate per base, % |	0.22%
                         Deletion rate per base |	0.02%
                        Deletion average length |	1.15
                        Insertion rate per base |	0.00%
                       Insertion average length |	1.47
                             MULTI-MAPPING READS:
        Number of reads mapped to multiple loci |	2744725
             % of reads mapped to multiple loci |	9.81%
        Number of reads mapped to too many loci |	38167
             % of reads mapped to too many loci |	0.14%
                                  UNMAPPED READS:
  Number of reads unmapped: too many mismatches |	0
       % of reads unmapped: too many mismatches |	0.00%
            Number of reads unmapped: too short |	1364612
                 % of reads unmapped: too short |	4.88%
                Number of reads unmapped: other |	14199
                     % of reads unmapped: other |	0.05%
                                  CHIMERIC READS:
                       Number of chimeric reads |	0
                            % of chimeric reads |	0.00%
